Determining if the pthread_create exist failed with the following output:
Change Dir: /media/oshanath/New Volume/Projects/CPP_projects/OpenGL/OpenGLCmake/build/CMakeFiles/CMakeTmp

Run Build Command:"/usr/bin/make" "cmTC_c1ab7/fast"
/usr/bin/make -f CMakeFiles/cmTC_c1ab7.dir/build.make CMakeFiles/cmTC_c1ab7.dir/build
make[1]: Entering directory '/media/oshanath/New Volume/Projects/CPP_projects/OpenGL/OpenGLCmake/build/CMakeFiles/CMakeTmp'
Building C object CMakeFiles/cmTC_c1ab7.dir/CheckSymbolExists.c.o
/usr/bin/x86_64-linux-gnu-gcc-7    -o CMakeFiles/cmTC_c1ab7.dir/CheckSymbolExists.c.o   -c "/media/oshanath/New Volume/Projects/CPP_projects/OpenGL/OpenGLCmake/build/CMakeFiles/CMakeTmp/CheckSymbolExists.c"
Linking C executable cmTC_c1ab7
/usr/bin/cmake -E cmake_link_script CMakeFiles/cmTC_c1ab7.dir/link.txt --verbose=1
/usr/bin/x86_64-linux-gnu-gcc-7      -rdynamic CMakeFiles/cmTC_c1ab7.dir/CheckSymbolExists.c.o  -o cmTC_c1ab7 
CMakeFiles/cmTC_c1ab7.dir/CheckSymbolExists.c.o: In function `main':
CheckSymbolExists.c:(.text+0x1b): undefined reference to `pthread_create'
collect2: error: ld returned 1 exit status
CMakeFiles/cmTC_c1ab7.dir/build.make:97: recipe for target 'cmTC_c1ab7' failed
make[1]: *** [cmTC_c1ab7] Error 1
make[1]: Leaving directory '/media/oshanath/New Volume/Projects/CPP_projects/OpenGL/OpenGLCmake/build/CMakeFiles/CMakeTmp'
Makefile:126: recipe for target 'cmTC_c1ab7/fast' failed
make: *** [cmTC_c1ab7/fast] Error 2

File /media/oshanath/New Volume/Projects/CPP_projects/OpenGL/OpenGLCmake/build/CMakeFiles/CMakeTmp/CheckSymbolExists.c:
/* */
#include <pthread.h>

int main(int argc, char** argv)
{
  (void)argv;
#ifndef pthread_create
  return ((int*)(&pthread_create))[argc];
#else
  (void)argc;
  return 0;
#endif
}

Determining if the function pthread_create exists in the pthreads failed with the following output:
Change Dir: /media/oshanath/New Volume/Projects/CPP_projects/OpenGL/OpenGLCmake/build/CMakeFiles/CMakeTmp

Run Build Command:"/usr/bin/make" "cmTC_cdbab/fast"
/usr/bin/make -f CMakeFiles/cmTC_cdbab.dir/build.make CMakeFiles/cmTC_cdbab.dir/build
make[1]: Entering directory '/media/oshanath/New Volume/Projects/CPP_projects/OpenGL/OpenGLCmake/build/CMakeFiles/CMakeTmp'
Building C object CMakeFiles/cmTC_cdbab.dir/CheckFunctionExists.c.o
/usr/bin/x86_64-linux-gnu-gcc-7   -DCHECK_FUNCTION_EXISTS=pthread_create   -o CMakeFiles/cmTC_cdbab.dir/CheckFunctionExists.c.o   -c /usr/share/cmake-3.10/Modules/CheckFunctionExists.c
Linking C executable cmTC_cdbab
/usr/bin/cmake -E cmake_link_script CMakeFiles/cmTC_cdbab.dir/link.txt --verbose=1
/usr/bin/x86_64-linux-gnu-gcc-7  -DCHECK_FUNCTION_EXISTS=pthread_create    -rdynamic CMakeFiles/cmTC_cdbab.dir/CheckFunctionExists.c.o  -o cmTC_cdbab -lpthreads 
/usr/bin/ld: cannot find -lpthreads
collect2: error: ld returned 1 exit status
CMakeFiles/cmTC_cdbab.dir/build.make:97: recipe for target 'cmTC_cdbab' failed
make[1]: *** [cmTC_cdbab] Error 1
make[1]: Leaving directory '/media/oshanath/New Volume/Projects/CPP_projects/OpenGL/OpenGLCmake/build/CMakeFiles/CMakeTmp'
Makefile:126: recipe for target 'cmTC_cdbab/fast' failed
make: *** [cmTC_cdbab/fast] Error 2


